<?xml version="1.0" encoding="UTF-8"?>
<testng-results ignored="0" total="1" passed="1" failed="0" skipped="0">
  <reporter-output>
  </reporter-output>
  <suite started-at="2024-07-16T19:49:57 BST" name="Surefire suite" finished-at="2024-07-16T19:49:57 BST" duration-ms="38">
    <groups>
    </groups>
    <test started-at="2024-07-16T19:49:57 BST" name="Surefire test" finished-at="2024-07-16T19:49:57 BST" duration-ms="38">
      <class name="helloworld.TestHelloWorld">
        <test-method signature="testHelloWorld()[pri:0, instance:helloworld.TestHelloWorld@6107227e]" started-at="2024-07-16T19:49:57 BST" name="testHelloWorld" finished-at="2024-07-16T19:49:57 BST" duration-ms="5" status="PASS">
          <reporter-output>
          </reporter-output>
        </test-method> <!-- testHelloWorld -->
      </class> <!-- helloworld.TestHelloWorld -->
    </test> <!-- Surefire test -->
  </suite> <!-- Surefire suite -->
</testng-results>
