<?xml version="1.0" encoding="UTF-8"?>
<testng-results ignored="0" total="1" passed="1" failed="0" skipped="0">
  <reporter-output>
  </reporter-output>
  <suite started-at="2024-07-16T19:56:58 BST" name="Default suite" finished-at="2024-07-16T19:56:58 BST" duration-ms="104">
    <groups>
    </groups>
    <test started-at="2024-07-16T19:56:58 BST" name="Default test" finished-at="2024-07-16T19:56:58 BST" duration-ms="104">
      <class name="helloworld.TestHelloWorld">
        <test-method signature="testHelloWorld()[pri:0, instance:helloworld.TestHelloWorld@158da8e]" started-at="2024-07-16T19:56:58 BST" name="testHelloWorld" finished-at="2024-07-16T19:56:58 BST" duration-ms="20" status="PASS">
          <reporter-output>
          </reporter-output>
        </test-method> <!-- testHelloWorld -->
      </class> <!-- helloworld.TestHelloWorld -->
    </test> <!-- Default test -->
  </suite> <!-- Default suite -->
</testng-results>
